<?xml version="1.0" encoding="UTF-8"?>
<!-- Generated by org.testng.reporters.JUnitReportReporter -->
<testsuite hostname="GLB-D1442" name="com.globant.training.tests.Tests" tests="3" failures="0" timestamp="21 Nov 2013 06:19:05 GMT" time="57.320" errors="0">
  <testcase name="ValidateSiteTitle" time="16.402" classname="com.globant.training.tests.Tests"/>
  <testcase name="GetPostAutor" time="20.684" classname="com.globant.training.tests.Tests"/>
  <testcase name="SearchingResultPosts" time="20.234" classname="com.globant.training.tests.Tests"/>
</testsuite> <!-- com.globant.training.tests.Tests -->
