<?xml version="1.0" encoding="UTF-8"?>
<!-- Generated by org.testng.reporters.JUnitReportReporter -->
<testsuite hostname="GLB-D1442" name="com.globant.training.tests.Tests" tests="3" failures="0" timestamp="27 Nov 2013 14:33:04 GMT" time="34,011" errors="0">
  <testcase name="GetPostAutor" time="14,638" classname="com.globant.training.tests.Tests"/>
  <testcase name="ValidateSiteTitle" time="4,890" classname="com.globant.training.tests.Tests"/>
  <testcase name="SearchingResultPosts" time="14,483" classname="com.globant.training.tests.Tests"/>
</testsuite>
