<?xml version="1.0" encoding="UTF-8"?>
<!-- Generated by org.testng.reporters.JUnitReportReporter -->
<testsuite hostname="GLB-D1442" name="com.globant.training.tests.TestsPageContacAndCalendar" tests="3" failures="0" timestamp="27 Nov 2013 14:33:04 GMT" time="40,363" errors="0">
  <testcase name="contactUS" time="14,653" classname="com.globant.training.tests.TestsPageContacAndCalendar"/>
  <testcase name="calendarposts" time="5,378" classname="com.globant.training.tests.TestsPageContacAndCalendar"/>
  <testcase name="contactUSFailedAndAgainPassed" time="20,332" classname="com.globant.training.tests.TestsPageContacAndCalendar"/>
</testsuite>
